<?xml version="1.0" encoding="utf-8"?>
<test-run id="2" testcasecount="3" result="Passed" total="3" passed="3" failed="0" inconclusive="0" skipped="0" asserts="0" engine-version="3.5.0.0" clr-version="2.0.50727.1433" start-time="2018-09-05 07:39:36Z" end-time="2018-09-05 07:39:40Z" duration="3.2914358">
  <test-suite type="TestSuite" id="1000" name="JenkinsTest" fullname="JenkinsTest" runstate="Runnable" testcasecount="3" result="Passed" start-time="2018-09-05 07:39:36Z" end-time="2018-09-05 07:39:40Z" duration="3.291436" total="3" passed="3" failed="0" inconclusive="0" skipped="0" asserts="0">
    <test-suite type="Assembly" id="1005" name="Assembly-CSharp.dll" fullname="C:/UnityProject/JenkinsTest/Library/ScriptAssemblies/Assembly-CSharp.dll" runstate="Runnable" testcasecount="3" result="Passed" start-time="2018-09-05 07:39:36Z" end-time="2018-09-05 07:39:40Z" duration="3.248254" total="3" passed="3" failed="0" inconclusive="0" skipped="0" asserts="0">
      <properties>
        <property name="_PID" value="9368" />
        <property name="_APPDOMAIN" value="Unity Child Domain" />
      </properties>
      <test-suite type="TestFixture" id="1001" name="NewPlayModeTest" fullname="NewPlayModeTest" classname="NewPlayModeTest" runstate="Runnable" testcasecount="3" result="Passed" start-time="2018-09-05 07:39:36Z" end-time="2018-09-05 07:39:40Z" duration="3.231173" total="3" passed="3" failed="0" inconclusive="0" skipped="0" asserts="0">
        <test-case id="1002" name="Test_1" fullname="NewPlayModeTest.Test_1" methodname="Test_1" classname="NewPlayModeTest" runstate="Runnable" seed="1188510203" result="Passed" start-time="2018-09-05 07:39:36Z" end-time="2018-09-05 07:39:37Z" duration="1.044195" asserts="0">
          <properties>
            <property name="_JOINTYPE" value="UnityCombinatorial" />
          </properties>
        </test-case>
        <test-case id="1003" name="Test_2" fullname="NewPlayModeTest.Test_2" methodname="Test_2" classname="NewPlayModeTest" runstate="Runnable" seed="298058764" result="Passed" start-time="2018-09-05 07:39:37Z" end-time="2018-09-05 07:39:38Z" duration="1.043819" asserts="0">
          <properties>
            <property name="_JOINTYPE" value="UnityCombinatorial" />
          </properties>
        </test-case>
        <test-case id="1004" name="Test_3" fullname="NewPlayModeTest.Test_3" methodname="Test_3" classname="NewPlayModeTest" runstate="Runnable" seed="964588755" result="Passed" start-time="2018-09-05 07:39:38Z" end-time="2018-09-05 07:39:40Z" duration="1.044264" asserts="0">
          <properties>
            <property name="_JOINTYPE" value="UnityCombinatorial" />
          </properties>
        </test-case>
      </test-suite>
    </test-suite>
  </test-suite>
</test-run>