<?xml version="1.0" encoding="utf-8"?>
<test-run id="2" testcasecount="3" result="Passed" total="3" passed="3" failed="0" inconclusive="0" skipped="0" asserts="0" engine-version="3.5.0.0" clr-version="2.0.50727.1433" start-time="2018-09-05 07:38:00Z" end-time="2018-09-05 07:38:03Z" duration="3.291792">
  <test-suite type="TestSuite" id="1000" name="JenkinsTest" fullname="JenkinsTest" runstate="Runnable" testcasecount="3" result="Passed" start-time="2018-09-05 07:38:00Z" end-time="2018-09-05 07:38:03Z" duration="3.291792" total="3" passed="3" failed="0" inconclusive="0" skipped="0" asserts="0">
    <test-suite type="Assembly" id="1005" name="Assembly-CSharp.dll" fullname="C:/UnityProject/JenkinsTest/Library/ScriptAssemblies/Assembly-CSharp.dll" runstate="Runnable" testcasecount="3" result="Passed" start-time="2018-09-05 07:38:00Z" end-time="2018-09-05 07:38:03Z" duration="3.247755" total="3" passed="3" failed="0" inconclusive="0" skipped="0" asserts="0">
      <properties>
        <property name="_PID" value="14408" />
        <property name="_APPDOMAIN" value="Unity Child Domain" />
      </properties>
      <test-suite type="TestFixture" id="1001" name="NewPlayModeTest" fullname="NewPlayModeTest" classname="NewPlayModeTest" runstate="Runnable" testcasecount="3" result="Passed" start-time="2018-09-05 07:38:00Z" end-time="2018-09-05 07:38:03Z" duration="3.231392" total="3" passed="3" failed="0" inconclusive="0" skipped="0" asserts="0">
        <test-case id="1002" name="Test_1" fullname="NewPlayModeTest.Test_1" methodname="Test_1" classname="NewPlayModeTest" runstate="Runnable" seed="1165811543" result="Passed" start-time="2018-09-05 07:38:00Z" end-time="2018-09-05 07:38:01Z" duration="1.043842" asserts="0">
          <properties>
            <property name="_JOINTYPE" value="UnityCombinatorial" />
          </properties>
        </test-case>
        <test-case id="1003" name="Test_2" fullname="NewPlayModeTest.Test_2" methodname="Test_2" classname="NewPlayModeTest" runstate="Runnable" seed="705006766" result="Passed" start-time="2018-09-05 07:38:01Z" end-time="2018-09-05 07:38:02Z" duration="1.043679" asserts="0">
          <properties>
            <property name="_JOINTYPE" value="UnityCombinatorial" />
          </properties>
        </test-case>
        <test-case id="1004" name="Test_3" fullname="NewPlayModeTest.Test_3" methodname="Test_3" classname="NewPlayModeTest" runstate="Runnable" seed="1461465455" result="Passed" start-time="2018-09-05 07:38:02Z" end-time="2018-09-05 07:38:03Z" duration="1.044462" asserts="0">
          <properties>
            <property name="_JOINTYPE" value="UnityCombinatorial" />
          </properties>
        </test-case>
      </test-suite>
    </test-suite>
  </test-suite>
</test-run>