<?xml version="1.0" encoding="utf-8"?>
<test-run id="2" testcasecount="0" result="Passed" total="0" passed="0" failed="0" inconclusive="0" skipped="0" asserts="0" engine-version="3.5.0.0" clr-version="2.0.50727.1433" start-time="2018-09-04 13:23:25Z" end-time="2018-09-04 13:23:25Z" duration="0.0275609">
  <test-suite type="TestSuite" id="1006" name="JenkinsTest" fullname="JenkinsTest" runstate="Runnable" testcasecount="0" result="Passed" start-time="2018-09-04 13:23:25Z" end-time="2018-09-04 13:23:25Z" duration="0.027561" total="0" passed="0" failed="0" inconclusive="0" skipped="0" asserts="0" />
</test-run>